<?xml version="1.0" encoding="UTF-8"?>
<!-- Generated by org.testng.reporters.JUnitXMLReporter -->
<testsuite ignored="2" hostname="jayesh-HP-Notebook" failures="0" tests="2" name="Surefire test" time="7.055" errors="0" timestamp="2025-05-10T15:14:17 IST">
  <testcase classname="tests.FormTest" name="submitFormTest" time="1.369"/>
  <testcase classname="tests.FormTest" name="submitFormTest" time="1.0"/>
  <testcase classname="base.BaseTest" name="@BeforeSuite setupReport" time="0.0">
    <ignored/>
  </testcase> <!-- @BeforeSuite setupReport -->
  <testcase classname="base.BaseTest" name="@AfterSuite flushReport" time="0.0">
    <ignored/>
  </testcase> <!-- @AfterSuite flushReport -->
</testsuite> <!-- Surefire test -->
