<?xml version="1.0" encoding="UTF-8"?>
<!-- Generated by org.testng.reporters.JUnitXMLReporter -->
<testsuite ignored="2" hostname="jayesh-HP-Notebook" failures="0" tests="2" name="Command line test" time="9.259" errors="0" timestamp="2025-05-10T16:12:07 IST">
  <testcase classname="tests.FormTest" name="submitFormTest" time="1.413"/>
  <testcase classname="tests.FormTest" name="submitFormTest" time="0.896"/>
  <testcase classname="base.BaseTest" name="@AfterSuite flushReport" time="0.0">
    <ignored/>
  </testcase> <!-- @AfterSuite flushReport -->
  <testcase classname="base.BaseTest" name="@BeforeSuite setupReport" time="0.0">
    <ignored/>
  </testcase> <!-- @BeforeSuite setupReport -->
</testsuite> <!-- Command line test -->
