<?xml version="1.0" encoding="UTF-8"?>
<testng-results ignored="0" total="2" passed="2" failed="0" skipped="0">
  <reporter-output>
  </reporter-output>
  <suite started-at="2025-05-10T15:14:10 IST" name="Surefire suite" finished-at="2025-05-10T15:14:17 IST" duration-ms="7055">
    <groups>
    </groups>
    <test started-at="2025-05-10T15:14:10 IST" name="Surefire test" finished-at="2025-05-10T15:14:17 IST" duration-ms="7055">
      <class name="tests.FormTest">
        <test-method is-config="true" signature="setupReport()[pri:0, instance:tests.FormTest@4690b489]" started-at="2025-05-10T15:14:09 IST" name="setupReport" finished-at="2025-05-10T15:14:10 IST" duration-ms="437" status="PASS">
          <reporter-output>
          </reporter-output>
        </test-method> <!-- setupReport -->
        <test-method is-config="true" signature="setUp()[pri:0, instance:tests.FormTest@4690b489]" started-at="2025-05-10T15:14:10 IST" name="setUp" finished-at="2025-05-10T15:14:12 IST" duration-ms="2423" status="PASS">
          <reporter-output>
          </reporter-output>
        </test-method> <!-- setUp -->
        <test-method is-config="true" signature="navigateToForm()[pri:0, instance:tests.FormTest@4690b489]" started-at="2025-05-10T15:14:12 IST" name="navigateToForm" finished-at="2025-05-10T15:14:14 IST" duration-ms="1951" status="PASS">
          <reporter-output>
          </reporter-output>
        </test-method> <!-- navigateToForm -->
        <test-method signature="submitFormTest(java.lang.String,java.lang.String)[pri:0, instance:tests.FormTest@4690b489]" started-at="2025-05-10T15:14:14 IST" name="submitFormTest" data-provider="formData" finished-at="2025-05-10T15:14:15 IST" duration-ms="1369" status="PASS">
          <params>
            <param index="0">
              <value>
                <![CDATA[TestUser1]]>
              </value>
            </param>
            <param index="1">
              <value>
                <![CDATA[pass123]]>
              </value>
            </param>
          </params>
          <reporter-output>
          </reporter-output>
        </test-method> <!-- submitFormTest -->
        <test-method is-config="true" signature="captureScreenshotOnFailure(org.testng.ITestResult)[pri:0, instance:tests.FormTest@4690b489]" started-at="2025-05-10T15:14:15 IST" name="captureScreenshotOnFailure" finished-at="2025-05-10T15:14:15 IST" duration-ms="2" status="PASS">
          <params>
            <param index="0">
              <value>
                <![CDATA[[TestResult name=submitFormTest status=SUCCESS method=FormTest.submitFormTest(java.lang.String,java.lang.String)[pri:0, instance:tests.FormTest@4690b489] output={null}]]]>
              </value>
            </param>
          </params>
          <reporter-output>
          </reporter-output>
        </test-method> <!-- captureScreenshotOnFailure -->
        <test-method is-config="true" signature="navigateToForm()[pri:0, instance:tests.FormTest@4690b489]" started-at="2025-05-10T15:14:15 IST" name="navigateToForm" finished-at="2025-05-10T15:14:15 IST" duration-ms="70" status="PASS">
          <reporter-output>
          </reporter-output>
        </test-method> <!-- navigateToForm -->
        <test-method signature="submitFormTest(java.lang.String,java.lang.String)[pri:0, instance:tests.FormTest@4690b489]" started-at="2025-05-10T15:14:15 IST" name="submitFormTest" data-provider="formData" finished-at="2025-05-10T15:14:16 IST" duration-ms="1000" status="PASS">
          <params>
            <param index="0">
              <value>
                <![CDATA[TestUser2]]>
              </value>
            </param>
            <param index="1">
              <value>
                <![CDATA[secure456]]>
              </value>
            </param>
          </params>
          <reporter-output>
          </reporter-output>
        </test-method> <!-- submitFormTest -->
        <test-method is-config="true" signature="captureScreenshotOnFailure(org.testng.ITestResult)[pri:0, instance:tests.FormTest@4690b489]" started-at="2025-05-10T15:14:16 IST" name="captureScreenshotOnFailure" finished-at="2025-05-10T15:14:16 IST" duration-ms="1" status="PASS">
          <params>
            <param index="0">
              <value>
                <![CDATA[[TestResult name=submitFormTest status=SUCCESS method=FormTest.submitFormTest(java.lang.String,java.lang.String)[pri:0, instance:tests.FormTest@4690b489] output={null}]]]>
              </value>
            </param>
          </params>
          <reporter-output>
          </reporter-output>
        </test-method> <!-- captureScreenshotOnFailure -->
        <test-method is-config="true" signature="tearDown()[pri:0, instance:tests.FormTest@4690b489]" started-at="2025-05-10T15:14:16 IST" name="tearDown" finished-at="2025-05-10T15:14:17 IST" duration-ms="159" status="PASS">
          <reporter-output>
          </reporter-output>
        </test-method> <!-- tearDown -->
        <test-method is-config="true" signature="flushReport()[pri:0, instance:tests.FormTest@4690b489]" started-at="2025-05-10T15:14:17 IST" name="flushReport" finished-at="2025-05-10T15:14:17 IST" duration-ms="612" status="PASS">
          <reporter-output>
          </reporter-output>
        </test-method> <!-- flushReport -->
      </class> <!-- tests.FormTest -->
    </test> <!-- Surefire test -->
  </suite> <!-- Surefire suite -->
</testng-results>
